[ngytvn.net/index3500.html]
[cdn.jsdelivr.net/npm/bootstrap@5.1.3/dist/css/bootstrap.min.css]
[cdn.jsdelivr.net/npm/bootstrap@5.1.3/dist/js/bootstrap.bundle.min.js]
[ngytvn.net/views/style.css]
[cdnjs.cloudflare.com/ajax/libs/font-awesome/6.0.0-beta3/css/all.min.css]
[cdnjs.cloudflare.com/ajax/libs/animate.css/4.1.1/animate.min.css]
[backblue.gif]
[fade.gif]
[index.html]
[cdnjs.cloudflare.com/ajax/libs/jquery/3.6.0/jquery.min.js]
[ngytvn.net/views/sun.svg]
[ngytvn.net/views/bee.svg]
[ngytvn.net/views/hearts.svg]
[ngytvn.net/views/letter.png]
[ngytvn.net/random/1.png]
[ngytvn.net/views/6009247.png]
[ngytvn.net/views/script.js]
[ngytvn.net/index3500.html]
[cdn.jsdelivr.net/npm/bootstrap@5.1.3/dist/css/bootstrap.min.css]
[ngytvn.net/views/flower.png]
[ngytvn.net/views/hearts.png]
[ngytvn.net/views/style.css]
[ngytvn.net/views/bears.svg]
[cdnjs.cloudflare.com/ajax/libs/font-awesome/6.0.0-beta3/css/all.min.css]
[cdnjs.cloudflare.com/ajax/libs/animate.css/4.1.1/animate.min.css]
[ngytvn.net/views/sun.svg]
[ngytvn.net/views/bee.svg]
[ngytvn.net/views/hearts.svg]
[ngytvn.net/views/bears.svg]
